<?xml version="1.0" encoding="UTF-8"?>
<robot generator="Robot 6.1.1 (Python 3.10.12 on linux)" generated="20241115 14:02:59.939" rpa="false" schemaversion="4">
<suite id="s1" name="Tests" source="/home/aatos/koulu/ohtu/palautusrepositorio/viikko3/hello-robot/src/tests">
<suite id="s1-s1" name="Increase Counter" source="/home/aatos/koulu/ohtu/palautusrepositorio/viikko3/hello-robot/src/tests/increase_counter.robot">
<test id="s1-s1-t1" name="Increase Counter Once" line="5">
<kw name="Counter Value Should Be">
<arg>0</arg>
<msg timestamp="20241115 14:02:59.953" level="FAIL">No keyword with name 'Counter Value Should Be' found.</msg>
<status status="FAIL" starttime="20241115 14:02:59.953" endtime="20241115 14:02:59.953"/>
</kw>
<kw name="Increase Counter">
<status status="NOT RUN" starttime="20241115 14:02:59.954" endtime="20241115 14:02:59.954"/>
</kw>
<kw name="Counter Value Should Be">
<arg>1</arg>
<status status="NOT RUN" starttime="20241115 14:02:59.954" endtime="20241115 14:02:59.954"/>
</kw>
<status status="FAIL" starttime="20241115 14:02:59.952" endtime="20241115 14:02:59.955">No keyword with name 'Counter Value Should Be' found.</status>
</test>
<test id="s1-s1-t2" name="Increase Counter Many Times" line="10">
<kw name="Counter Value Should Be">
<arg>0</arg>
<msg timestamp="20241115 14:02:59.956" level="FAIL">No keyword with name 'Counter Value Should Be' found.</msg>
<status status="FAIL" starttime="20241115 14:02:59.956" endtime="20241115 14:02:59.956"/>
</kw>
<kw name="Increase Counter">
<status status="NOT RUN" starttime="20241115 14:02:59.956" endtime="20241115 14:02:59.956"/>
</kw>
<kw name="Increase Counter">
<status status="NOT RUN" starttime="20241115 14:02:59.957" endtime="20241115 14:02:59.957"/>
</kw>
<kw name="Increase Counter">
<status status="NOT RUN" starttime="20241115 14:02:59.958" endtime="20241115 14:02:59.958"/>
</kw>
<kw name="Counter Value Should Be">
<arg>3</arg>
<status status="NOT RUN" starttime="20241115 14:02:59.959" endtime="20241115 14:02:59.959"/>
</kw>
<status status="FAIL" starttime="20241115 14:02:59.955" endtime="20241115 14:02:59.959">No keyword with name 'Counter Value Should Be' found.</status>
</test>
<test id="s1-s1-t3" name="Increment Counter By Amount" line="17">
<kw name="Counter Value Should Be">
<arg>0</arg>
<msg timestamp="20241115 14:02:59.960" level="FAIL">No keyword with name 'Counter Value Should Be' found.</msg>
<status status="FAIL" starttime="20241115 14:02:59.960" endtime="20241115 14:02:59.960"/>
</kw>
<kw name="Increment Counter By">
<arg>5</arg>
<status status="NOT RUN" starttime="20241115 14:02:59.960" endtime="20241115 14:02:59.960"/>
</kw>
<kw name="Counter Value Should Be">
<arg>5</arg>
<status status="NOT RUN" starttime="20241115 14:02:59.961" endtime="20241115 14:02:59.961"/>
</kw>
<status status="FAIL" starttime="20241115 14:02:59.959" endtime="20241115 14:02:59.961">No keyword with name 'Counter Value Should Be' found.</status>
</test>
<status status="FAIL" starttime="20241115 14:02:59.950" endtime="20241115 14:02:59.962"/>
</suite>
<suite id="s1-s2" name="Reset Counter" source="/home/aatos/koulu/ohtu/palautusrepositorio/viikko3/hello-robot/src/tests/reset_counter.robot">
<test id="s1-s2-t1" name="Reset Counter After One Increment" line="5">
<kw name="Counter Value Should Be">
<arg>0</arg>
<msg timestamp="20241115 14:02:59.964" level="FAIL">No keyword with name 'Counter Value Should Be' found.</msg>
<status status="FAIL" starttime="20241115 14:02:59.964" endtime="20241115 14:02:59.964"/>
</kw>
<kw name="Increase Counter">
<status status="NOT RUN" starttime="20241115 14:02:59.965" endtime="20241115 14:02:59.965"/>
</kw>
<kw name="Counter Value Should Be">
<arg>1</arg>
<status status="NOT RUN" starttime="20241115 14:02:59.966" endtime="20241115 14:02:59.966"/>
</kw>
<kw name="Reset Counter">
<status status="NOT RUN" starttime="20241115 14:02:59.967" endtime="20241115 14:02:59.967"/>
</kw>
<kw name="Counter Value Should Be">
<arg>0</arg>
<status status="NOT RUN" starttime="20241115 14:02:59.968" endtime="20241115 14:02:59.968"/>
</kw>
<status status="FAIL" starttime="20241115 14:02:59.963" endtime="20241115 14:02:59.968">No keyword with name 'Counter Value Should Be' found.</status>
</test>
<test id="s1-s2-t2" name="Reset Counter After Several Increments" line="12">
<kw name="Counter Value Should Be">
<arg>0</arg>
<msg timestamp="20241115 14:02:59.969" level="FAIL">No keyword with name 'Counter Value Should Be' found.</msg>
<status status="FAIL" starttime="20241115 14:02:59.969" endtime="20241115 14:02:59.969"/>
</kw>
<kw name="Increment Counter By">
<arg>5</arg>
<status status="NOT RUN" starttime="20241115 14:02:59.970" endtime="20241115 14:02:59.970"/>
</kw>
<kw name="Counter Value Should Be">
<arg>5</arg>
<status status="NOT RUN" starttime="20241115 14:02:59.970" endtime="20241115 14:02:59.970"/>
</kw>
<kw name="Reset Counter">
<status status="NOT RUN" starttime="20241115 14:02:59.971" endtime="20241115 14:02:59.971"/>
</kw>
<kw name="Counter Value Should Be">
<arg>0</arg>
<status status="NOT RUN" starttime="20241115 14:02:59.972" endtime="20241115 14:02:59.972"/>
</kw>
<status status="FAIL" starttime="20241115 14:02:59.968" endtime="20241115 14:02:59.972">No keyword with name 'Counter Value Should Be' found.</status>
</test>
<status status="FAIL" starttime="20241115 14:02:59.962" endtime="20241115 14:02:59.972"/>
</suite>
<status status="FAIL" starttime="20241115 14:02:59.940" endtime="20241115 14:02:59.972"/>
</suite>
<statistics>
<total>
<stat pass="0" fail="5" skip="0">All Tests</stat>
</total>
<tag>
</tag>
<suite>
<stat pass="0" fail="5" skip="0" id="s1" name="Tests">Tests</stat>
<stat pass="0" fail="3" skip="0" id="s1-s1" name="Increase Counter">Tests.Increase Counter</stat>
<stat pass="0" fail="2" skip="0" id="s1-s2" name="Reset Counter">Tests.Reset Counter</stat>
</suite>
</statistics>
<errors>
<msg timestamp="20241115 14:02:59.951" level="ERROR">Error in file '/home/aatos/koulu/ohtu/palautusrepositorio/viikko3/hello-robot/src/tests/increase_counter.robot' on line 2: Importing library '/home/aatos/koulu/ohtu/palautusrepositorio/viikko3/hello-robot/src/CounterLibrary.py' failed: TabError: inconsistent use of tabs and spaces in indentation (CounterLibrary.py, line 21)
Traceback (most recent call last):
  None
PYTHONPATH:
  /home/aatos/koulu/ohtu/palautusrepositorio/viikko3/hello-robot/src
  /home/aatos/koulu/ohtu/palautusrepositorio/viikko3/hello-robot/.venv/bin
  /usr/lib/python310.zip
  /usr/lib/python3.10
  /usr/lib/python3.10/lib-dynload
  /home/aatos/koulu/ohtu/palautusrepositorio/viikko3/hello-robot/.venv/lib/python3.10/site-packages</msg>
<msg timestamp="20241115 14:02:59.963" level="ERROR">Error in file '/home/aatos/koulu/ohtu/palautusrepositorio/viikko3/hello-robot/src/tests/reset_counter.robot' on line 2: Importing library '/home/aatos/koulu/ohtu/palautusrepositorio/viikko3/hello-robot/src/CounterLibrary.py' failed: TabError: inconsistent use of tabs and spaces in indentation (CounterLibrary.py, line 21)
Traceback (most recent call last):
  None
PYTHONPATH:
  /home/aatos/koulu/ohtu/palautusrepositorio/viikko3/hello-robot/src
  /home/aatos/koulu/ohtu/palautusrepositorio/viikko3/hello-robot/.venv/bin
  /usr/lib/python310.zip
  /usr/lib/python3.10
  /usr/lib/python3.10/lib-dynload
  /home/aatos/koulu/ohtu/palautusrepositorio/viikko3/hello-robot/.venv/lib/python3.10/site-packages</msg>
</errors>
</robot>
